[ 2015-07-30T14:31:02+08:00 ] 127.0.0.1 /thinkphp/
INFO: [ app_begin ] --START--
INFO: ReadHtmlCache Behavior ::run [ RunTime:0.000000s ]
INFO: [ app_begin ] --END-- [ RunTime:0.000000s ]
NOTIC: [2048] Declaration of IndexAction::show() should be compatible with Action::show($content, $charset = '', $contentType = '', $prefix = '') D:\wamp\www\thinkphp\Home\Lib\Action\IndexAction.class.php 第 16 行.
SQL: SHOW COLUMNS FROM `tp_user` [ RunTime:0.031250s ]
ERR: 1146:Table 'thinkphp.tp_user' doesn't exist
 [ SQL语句 ] : SHOW COLUMNS FROM `tp_user`
SQL: SELECT * FROM `tp_user`  [ RunTime:0.015625s ]
ERR: 1146:Table 'thinkphp.tp_user' doesn't exist
 [ SQL语句 ] : SELECT * FROM `tp_user` 
INFO: [ view_parse ] --START--
INFO: ParseTemplate Behavior ::run [ RunTime:0.062500s ]
INFO: [ view_parse ] --END-- [ RunTime:0.062500s ]
INFO: [ view_filter ] --START--
INFO: ContentReplace Behavior ::run [ RunTime:0.000000s ]
INFO: TokenBuild Behavior ::run [ RunTime:0.015625s ]
INFO: WriteHtmlCache Behavior ::run [ RunTime:0.015625s ]
INFO: ShowRuntime Behavior ::run [ RunTime:0.000000s ]
INFO: [ view_filter ] --END-- [ RunTime:0.031250s ]
INFO: [ view_end ] --START--
INFO: ShowPageTrace Behavior ::run [ RunTime:0.000000s ]
INFO: [ view_end ] --END-- [ RunTime:0.000000s ]

