[ 2015-08-31T09:10:12+08:00 ] 0.0.0.0 /thinkphp/index.php/Dating/uploadImage.html
INFO: [ app_begin ] --START--
INFO: ReadHtmlCache Behavior ::run [ RunTime:0.000918s ]
INFO: [ app_begin ] --END-- [ RunTime:0.001076s ]

[ 2015-08-31T09:15:56+08:00 ] 0.0.0.0 /thinkphp/index.php/Dating/uploadImage.html
INFO: [ app_begin ] --START--
INFO: ReadHtmlCache Behavior ::run [ RunTime:0.000807s ]
INFO: [ app_begin ] --END-- [ RunTime:0.000959s ]

[ 2015-08-31T09:16:07+08:00 ] 0.0.0.0 /thinkphp/index.php/Dating/uploadImage.html
INFO: [ app_begin ] --START--
INFO: ReadHtmlCache Behavior ::run [ RunTime:0.000859s ]
INFO: [ app_begin ] --END-- [ RunTime:0.001016s ]

[ 2015-08-31T09:16:13+08:00 ] 0.0.0.0 /thinkphp/index.php/Dating/uploadImage.html
INFO: [ app_begin ] --START--
INFO: ReadHtmlCache Behavior ::run [ RunTime:0.001171s ]
INFO: [ app_begin ] --END-- [ RunTime:0.001427s ]

[ 2015-08-31T09:16:18+08:00 ] 0.0.0.0 /thinkphp/index.php/Dating/uploadImage.html
INFO: [ app_begin ] --START--
INFO: ReadHtmlCache Behavior ::run [ RunTime:0.001228s ]
INFO: [ app_begin ] --END-- [ RunTime:0.001483s ]

[ 2015-08-31T11:21:21+08:00 ] 0.0.0.0 /thinkphp/index.php/Dating/signIn?user_name=jack
INFO: [ app_begin ] --START--
INFO: ReadHtmlCache Behavior ::run [ RunTime:0.001124s ]
INFO: [ app_begin ] --END-- [ RunTime:0.001291s ]

[ 2015-08-31T11:41:13+08:00 ] 0.0.0.0 /thinkphp/index.php/Dating/signIn?user_name=
INFO: [ app_begin ] --START--
INFO: ReadHtmlCache Behavior ::run [ RunTime:0.001176s ]
INFO: [ app_begin ] --END-- [ RunTime:0.001414s ]

[ 2015-08-31T11:41:14+08:00 ] 0.0.0.0 /thinkphp/index.php/Dating/signIn?user_name=
INFO: [ app_begin ] --START--
INFO: ReadHtmlCache Behavior ::run [ RunTime:0.000993s ]
INFO: [ app_begin ] --END-- [ RunTime:0.001148s ]

[ 2015-08-31T11:41:35+08:00 ] 0.0.0.0 /thinkphp/index.php/Dating/signIn?user_name=
INFO: [ app_begin ] --START--
INFO: ReadHtmlCache Behavior ::run [ RunTime:0.001005s ]
INFO: [ app_begin ] --END-- [ RunTime:0.001163s ]

[ 2015-08-31T11:41:36+08:00 ] 0.0.0.0 /thinkphp/index.php/Dating/signIn?user_name=
INFO: [ app_begin ] --START--
INFO: ReadHtmlCache Behavior ::run [ RunTime:0.001063s ]
INFO: [ app_begin ] --END-- [ RunTime:0.001230s ]

[ 2015-08-31T11:41:37+08:00 ] 0.0.0.0 /thinkphp/index.php/Dating/signIn?user_name=
INFO: [ app_begin ] --START--
INFO: ReadHtmlCache Behavior ::run [ RunTime:0.001030s ]
INFO: [ app_begin ] --END-- [ RunTime:0.001190s ]

[ 2015-08-31T11:41:37+08:00 ] 0.0.0.0 /thinkphp/index.php/Dating/signIn?user_name=
INFO: [ app_begin ] --START--
INFO: ReadHtmlCache Behavior ::run [ RunTime:0.001208s ]
INFO: [ app_begin ] --END-- [ RunTime:0.001453s ]

[ 2015-08-31T11:41:38+08:00 ] 0.0.0.0 /thinkphp/index.php/Dating/signIn?user_name=
INFO: [ app_begin ] --START--
INFO: ReadHtmlCache Behavior ::run [ RunTime:0.001112s ]
INFO: [ app_begin ] --END-- [ RunTime:0.001282s ]

[ 2015-08-31T11:41:38+08:00 ] 0.0.0.0 /thinkphp/index.php/Dating/signIn?user_name=
INFO: [ app_begin ] --START--
INFO: ReadHtmlCache Behavior ::run [ RunTime:0.000933s ]
INFO: [ app_begin ] --END-- [ RunTime:0.001139s ]

[ 2015-08-31T11:41:38+08:00 ] 0.0.0.0 /thinkphp/index.php/Dating/signIn?user_name=
INFO: [ app_begin ] --START--
INFO: ReadHtmlCache Behavior ::run [ RunTime:0.001100s ]
INFO: [ app_begin ] --END-- [ RunTime:0.001293s ]

[ 2015-08-31T11:41:38+08:00 ] 0.0.0.0 /thinkphp/index.php/Dating/signIn?user_name=
INFO: [ app_begin ] --START--
INFO: ReadHtmlCache Behavior ::run [ RunTime:0.000986s ]
INFO: [ app_begin ] --END-- [ RunTime:0.001151s ]

[ 2015-08-31T11:41:38+08:00 ] 0.0.0.0 /thinkphp/index.php/Dating/signIn?user_name=
INFO: [ app_begin ] --START--
INFO: ReadHtmlCache Behavior ::run [ RunTime:0.001549s ]
INFO: [ app_begin ] --END-- [ RunTime:0.001813s ]

[ 2015-08-31T11:41:38+08:00 ] 0.0.0.0 /thinkphp/index.php/Dating/signIn?user_name=
INFO: [ app_begin ] --START--
INFO: ReadHtmlCache Behavior ::run [ RunTime:0.001315s ]
INFO: [ app_begin ] --END-- [ RunTime:0.001486s ]

[ 2015-08-31T11:41:53+08:00 ] 0.0.0.0 /thinkphp/index.php/Dating/signIn?user_name=
INFO: [ app_begin ] --START--
INFO: ReadHtmlCache Behavior ::run [ RunTime:0.001615s ]
INFO: [ app_begin ] --END-- [ RunTime:0.001922s ]

[ 2015-08-31T11:41:53+08:00 ] 0.0.0.0 /thinkphp/index.php/Dating/signIn?user_name=
INFO: [ app_begin ] --START--
INFO: ReadHtmlCache Behavior ::run [ RunTime:0.001146s ]
INFO: [ app_begin ] --END-- [ RunTime:0.001381s ]

[ 2015-08-31T11:41:54+08:00 ] 0.0.0.0 /thinkphp/index.php/Dating/signIn?user_name=
INFO: [ app_begin ] --START--
INFO: ReadHtmlCache Behavior ::run [ RunTime:0.001559s ]
INFO: [ app_begin ] --END-- [ RunTime:0.001836s ]

[ 2015-08-31T12:49:30+08:00 ] 0.0.0.0 /thinkphp/index.php/Index/index.html?s=%E7%94%A8%E6%88%B7%E5%90%8D%E6%90%9C%E7%B4%A2&submit=GO
ERR: 无法加载模块:用户名搜索

[ 2015-08-31T12:52:02+08:00 ] 0.0.0.0 /thinkphp/index.php/Dating/searchImage.html?s=%E7%94%A8%E6%88%B7%E5%90%8D%E6%90%9C%E7%B4%A2&submit=GO
ERR: 无法加载模块:用户名搜索

[ 2015-08-31T13:04:51+08:00 ] 0.0.0.0 /thinkphp/index.php/Dating/searchImage.html?s=%E7%94%A8%E6%88%B7%E5%90%8D%E6%90%9C%E7%B4%A2&submit=GO
ERR: 无法加载模块:用户名搜索

[ 2015-08-31T13:08:47+08:00 ] 0.0.0.0 /thinkphp/index.php/Dating/searchImage.html?s=%E7%94%A8%E6%88%B7%E5%90%8D%E6%90%9C%E7%B4%A2&submit=GO
ERR: 无法加载模块:用户名搜索

[ 2015-08-31T13:10:49+08:00 ] 0.0.0.0 /thinkphp/index.php/Dating/searchImage.html?s=%E7%94%A8%E6%88%B7%E5%90%8D%E6%90%9C%E7%B4%A2&submit=GO
ERR: 无法加载模块:用户名搜索

[ 2015-08-31T13:11:56+08:00 ] 0.0.0.0 /thinkphp/index.php/Dating/searchImage.html?s=%E7%94%A8%E6%88%B7%E5%90%8D%E6%90%9C%E7%B4%A2
INFO: [ app_begin ] --START--
INFO: ReadHtmlCache Behavior ::run [ RunTime:0.001089s ]
INFO: [ app_begin ] --END-- [ RunTime:0.001244s ]
NOTIC: [8] Undefined variable: group H:\wamp\www\thinkphp\ThinkPHP\Lib\Core\App.class.php 第 102 行.
ERR: 无法加载模块:用户名搜索

[ 2015-08-31T13:11:58+08:00 ] 0.0.0.0 /thinkphp/index.php/Dating/searchImage.html?s=%E7%94%A8%E6%88%B7%E5%90%8D%E6%90%9C%E7%B4%A2
INFO: [ app_begin ] --START--
INFO: ReadHtmlCache Behavior ::run [ RunTime:0.001160s ]
INFO: [ app_begin ] --END-- [ RunTime:0.001320s ]
NOTIC: [8] Undefined variable: group H:\wamp\www\thinkphp\ThinkPHP\Lib\Core\App.class.php 第 102 行.
ERR: 无法加载模块:用户名搜索

[ 2015-08-31T13:11:59+08:00 ] 0.0.0.0 /thinkphp/index.php/Dating/searchImage.html?s=%E7%94%A8%E6%88%B7%E5%90%8D%E6%90%9C%E7%B4%A2
INFO: [ app_begin ] --START--
INFO: ReadHtmlCache Behavior ::run [ RunTime:0.001276s ]
INFO: [ app_begin ] --END-- [ RunTime:0.001442s ]
NOTIC: [8] Undefined variable: group H:\wamp\www\thinkphp\ThinkPHP\Lib\Core\App.class.php 第 102 行.
ERR: 无法加载模块:用户名搜索

[ 2015-08-31T13:13:07+08:00 ] 0.0.0.0 /thinkphp/index.php/Dating/searchImage.html?s=%E7%94%A8%E6%88%B7%E5%90%8D%E6%90%9C%E7%B4%A2&name=%E7%94%A8%E6%88%B7%E5%90%8D%E6%90%9C%E7%B4%A2
INFO: [ app_begin ] --START--
INFO: ReadHtmlCache Behavior ::run [ RunTime:0.001199s ]
INFO: [ app_begin ] --END-- [ RunTime:0.001365s ]
NOTIC: [8] Undefined variable: group H:\wamp\www\thinkphp\ThinkPHP\Lib\Core\App.class.php 第 102 行.
ERR: 无法加载模块:用户名搜索

[ 2015-08-31T13:13:08+08:00 ] 0.0.0.0 /thinkphp/index.php/Dating/searchImage.html?s=%E7%94%A8%E6%88%B7%E5%90%8D%E6%90%9C%E7%B4%A2&name=%E7%94%A8%E6%88%B7%E5%90%8D%E6%90%9C%E7%B4%A2
INFO: [ app_begin ] --START--
INFO: ReadHtmlCache Behavior ::run [ RunTime:0.000969s ]
INFO: [ app_begin ] --END-- [ RunTime:0.001121s ]
NOTIC: [8] Undefined variable: group H:\wamp\www\thinkphp\ThinkPHP\Lib\Core\App.class.php 第 102 行.
ERR: 无法加载模块:用户名搜索

[ 2015-08-31T13:13:08+08:00 ] 0.0.0.0 /thinkphp/index.php/Dating/searchImage.html?s=%E7%94%A8%E6%88%B7%E5%90%8D%E6%90%9C%E7%B4%A2&name=%E7%94%A8%E6%88%B7%E5%90%8D%E6%90%9C%E7%B4%A2
INFO: [ app_begin ] --START--
INFO: ReadHtmlCache Behavior ::run [ RunTime:0.001093s ]
INFO: [ app_begin ] --END-- [ RunTime:0.001259s ]
NOTIC: [8] Undefined variable: group H:\wamp\www\thinkphp\ThinkPHP\Lib\Core\App.class.php 第 102 行.
ERR: 无法加载模块:用户名搜索

[ 2015-08-31T13:13:09+08:00 ] 0.0.0.0 /thinkphp/index.php/Dating/searchImage.html?s=%E7%94%A8%E6%88%B7%E5%90%8D%E6%90%9C%E7%B4%A2&name=%E7%94%A8%E6%88%B7%E5%90%8D%E6%90%9C%E7%B4%A2
INFO: [ app_begin ] --START--
INFO: ReadHtmlCache Behavior ::run [ RunTime:0.001026s ]
INFO: [ app_begin ] --END-- [ RunTime:0.001182s ]
NOTIC: [8] Undefined variable: group H:\wamp\www\thinkphp\ThinkPHP\Lib\Core\App.class.php 第 102 行.
ERR: 无法加载模块:用户名搜索

[ 2015-08-31T13:13:09+08:00 ] 0.0.0.0 /thinkphp/index.php/Dating/searchImage.html?s=%E7%94%A8%E6%88%B7%E5%90%8D%E6%90%9C%E7%B4%A2&name=%E7%94%A8%E6%88%B7%E5%90%8D%E6%90%9C%E7%B4%A2
INFO: [ app_begin ] --START--
INFO: ReadHtmlCache Behavior ::run [ RunTime:0.000986s ]
INFO: [ app_begin ] --END-- [ RunTime:0.001139s ]
NOTIC: [8] Undefined variable: group H:\wamp\www\thinkphp\ThinkPHP\Lib\Core\App.class.php 第 102 行.
ERR: 无法加载模块:用户名搜索

[ 2015-08-31T13:13:13+08:00 ] 0.0.0.0 /thinkphp/index.php/Dating/searchImage.html?s=%E7%94%A8%E6%88%B7%E5%90%8D%E6%90%9C%E7%B4%A2&name=%E7%94%A8%E6%88%B7%E5%90%8D%E6%90%9C%E7%B4%A2
INFO: [ app_begin ] --START--
INFO: ReadHtmlCache Behavior ::run [ RunTime:0.001868s ]
INFO: [ app_begin ] --END-- [ RunTime:0.002351s ]
NOTIC: [8] Undefined variable: group H:\wamp\www\thinkphp\ThinkPHP\Lib\Core\App.class.php 第 102 行.
ERR: 无法加载模块:用户名搜索

[ 2015-08-31T13:18:53+08:00 ] 0.0.0.0 /thinkphp/index.php/Dating/searchImage.html?s=%E7%94%A8%E6%88%B7%E5%90%8D%E6%90%9C%E7%B4%A2&name=%E7%94%A8%E6%88%B7%E5%90%8D%E6%90%9C%E7%B4%A2
INFO: [ app_begin ] --START--
INFO: ReadHtmlCache Behavior ::run [ RunTime:0.001278s ]
INFO: [ app_begin ] --END-- [ RunTime:0.001492s ]
NOTIC: [8] Undefined variable: group H:\wamp\www\thinkphp\ThinkPHP\Lib\Core\App.class.php 第 102 行.
ERR: 无法加载模块:用户名搜索

[ 2015-08-31T13:18:54+08:00 ] 0.0.0.0 /thinkphp/index.php/Dating/searchImage.html?s=%E7%94%A8%E6%88%B7%E5%90%8D%E6%90%9C%E7%B4%A2&name=%E7%94%A8%E6%88%B7%E5%90%8D%E6%90%9C%E7%B4%A2
INFO: [ app_begin ] --START--
INFO: ReadHtmlCache Behavior ::run [ RunTime:0.001059s ]
INFO: [ app_begin ] --END-- [ RunTime:0.001218s ]
NOTIC: [8] Undefined variable: group H:\wamp\www\thinkphp\ThinkPHP\Lib\Core\App.class.php 第 102 行.
ERR: 无法加载模块:用户名搜索

[ 2015-08-31T13:42:34+08:00 ] 0.0.0.0 /thinkphp/index.php/Dating/searchImage.html?s=jack&name=jack
INFO: [ app_begin ] --START--
INFO: ReadHtmlCache Behavior ::run [ RunTime:0.000919s ]
INFO: [ app_begin ] --END-- [ RunTime:0.001096s ]
ERR: 无法加载模块:jack

[ 2015-08-31T13:42:35+08:00 ] 0.0.0.0 /thinkphp/index.php/Dating/searchImage.html?s=jack&name=jack
INFO: [ app_begin ] --START--
INFO: ReadHtmlCache Behavior ::run [ RunTime:0.000830s ]
INFO: [ app_begin ] --END-- [ RunTime:0.001006s ]
ERR: 无法加载模块:jack

[ 2015-08-31T13:42:45+08:00 ] 0.0.0.0 /thinkphp/index.php/Dating/searchImage.html?s=jack&name=jack
INFO: [ app_begin ] --START--
INFO: ReadHtmlCache Behavior ::run [ RunTime:0.001335s ]
INFO: [ app_begin ] --END-- [ RunTime:0.001680s ]
ERR: 无法加载模块:jack

[ 2015-08-31T13:44:00+08:00 ] 0.0.0.0 /thinkphp/index.php/Dating/searchImage.html?s=jack
INFO: [ app_begin ] --START--
INFO: ReadHtmlCache Behavior ::run [ RunTime:0.000755s ]
INFO: [ app_begin ] --END-- [ RunTime:0.000926s ]
ERR: 无法加载模块:jack

[ 2015-08-31T13:46:00+08:00 ] 0.0.0.0 /thinkphp/index.php/Dating/searchImage.html?user_name=jack
INFO: [ app_begin ] --START--
INFO: ReadHtmlCache Behavior ::run [ RunTime:0.000788s ]
INFO: [ app_begin ] --END-- [ RunTime:0.000948s ]
NOTIC: [8192] mysql_connect(): The mysql extension is deprecated and will be removed in the future: use mysqli or PDO instead H:\wamp\www\thinkphp\ThinkPHP\Lib\Driver\Db\DbMysql.class.php 第 55 行.
SQL: SHOW COLUMNS FROM `sweet_image` [ RunTime:0.018955s ]
NOTIC: [8192] preg_replace(): The /e modifier is deprecated, use preg_replace_callback instead H:\wamp\www\thinkphp\ThinkPHP\Lib\Core\Db.class.php 第 605 行.
SQL: SELECT `path` FROM `sweet_image` WHERE ( user_name='jack' ) ORDER BY sub_time desc LIMIT 4   [ RunTime:0.000480s ]

[ 2015-08-31T13:47:36+08:00 ] 0.0.0.0 /thinkphp/index.php/Dating/searchImage.html?user_name=jack
INFO: [ app_begin ] --START--
INFO: ReadHtmlCache Behavior ::run [ RunTime:0.000757s ]
INFO: [ app_begin ] --END-- [ RunTime:0.000929s ]
NOTIC: [8192] mysql_connect(): The mysql extension is deprecated and will be removed in the future: use mysqli or PDO instead H:\wamp\www\thinkphp\ThinkPHP\Lib\Driver\Db\DbMysql.class.php 第 55 行.
SQL: SHOW COLUMNS FROM `sweet_image` [ RunTime:0.003703s ]
NOTIC: [8192] preg_replace(): The /e modifier is deprecated, use preg_replace_callback instead H:\wamp\www\thinkphp\ThinkPHP\Lib\Core\Db.class.php 第 605 行.
SQL: SELECT `path` FROM `sweet_image` WHERE ( user_name='jack' ) ORDER BY sub_time desc LIMIT 4   [ RunTime:0.000437s ]

[ 2015-08-31T13:48:15+08:00 ] 0.0.0.0 /thinkphp/index.php/Dating/searchImage.html?user_name=jack
INFO: [ app_begin ] --START--
INFO: ReadHtmlCache Behavior ::run [ RunTime:0.000906s ]
INFO: [ app_begin ] --END-- [ RunTime:0.001104s ]
NOTIC: [8192] mysql_connect(): The mysql extension is deprecated and will be removed in the future: use mysqli or PDO instead H:\wamp\www\thinkphp\ThinkPHP\Lib\Driver\Db\DbMysql.class.php 第 55 行.
SQL: SHOW COLUMNS FROM `sweet_image` [ RunTime:0.003481s ]
NOTIC: [8192] preg_replace(): The /e modifier is deprecated, use preg_replace_callback instead H:\wamp\www\thinkphp\ThinkPHP\Lib\Core\Db.class.php 第 605 行.
SQL: SELECT `path` FROM `sweet_image` WHERE ( user_name='jack' ) ORDER BY sub_time desc LIMIT 4   [ RunTime:0.000370s ]

[ 2015-08-31T13:49:00+08:00 ] 0.0.0.0 /thinkphp/index.php/Dating/searchImage.html?user_name=jack
INFO: [ app_begin ] --START--
INFO: ReadHtmlCache Behavior ::run [ RunTime:0.000873s ]
INFO: [ app_begin ] --END-- [ RunTime:0.001026s ]
NOTIC: [8192] mysql_connect(): The mysql extension is deprecated and will be removed in the future: use mysqli or PDO instead H:\wamp\www\thinkphp\ThinkPHP\Lib\Driver\Db\DbMysql.class.php 第 55 行.
SQL: SHOW COLUMNS FROM `sweet_image` [ RunTime:0.003585s ]
NOTIC: [8192] preg_replace(): The /e modifier is deprecated, use preg_replace_callback instead H:\wamp\www\thinkphp\ThinkPHP\Lib\Core\Db.class.php 第 605 行.
SQL: SELECT `path` FROM `sweet_image` WHERE ( user_name='jack' ) ORDER BY sub_time desc LIMIT 4   [ RunTime:0.000386s ]

[ 2015-08-31T13:50:20+08:00 ] 0.0.0.0 /thinkphp/index.php/Dating/searchImage.html?user_name=jack
INFO: [ app_begin ] --START--
INFO: ReadHtmlCache Behavior ::run [ RunTime:0.000871s ]
INFO: [ app_begin ] --END-- [ RunTime:0.001027s ]
NOTIC: [8192] mysql_connect(): The mysql extension is deprecated and will be removed in the future: use mysqli or PDO instead H:\wamp\www\thinkphp\ThinkPHP\Lib\Driver\Db\DbMysql.class.php 第 55 行.
SQL: SHOW COLUMNS FROM `sweet_image` [ RunTime:0.003551s ]
NOTIC: [8192] preg_replace(): The /e modifier is deprecated, use preg_replace_callback instead H:\wamp\www\thinkphp\ThinkPHP\Lib\Core\Db.class.php 第 605 行.
SQL: SELECT `path` FROM `sweet_image` WHERE ( user_name='jack' ) ORDER BY sub_time desc LIMIT 4   [ RunTime:0.000415s ]

[ 2015-08-31T13:53:20+08:00 ] 0.0.0.0 /thinkphp/index.php/Dating/searchImage.html?user_name=l
INFO: [ app_begin ] --START--
INFO: ReadHtmlCache Behavior ::run [ RunTime:0.000824s ]
INFO: [ app_begin ] --END-- [ RunTime:0.000983s ]
NOTIC: [8192] mysql_connect(): The mysql extension is deprecated and will be removed in the future: use mysqli or PDO instead H:\wamp\www\thinkphp\ThinkPHP\Lib\Driver\Db\DbMysql.class.php 第 55 行.
SQL: SHOW COLUMNS FROM `sweet_image` [ RunTime:0.003410s ]
NOTIC: [8192] preg_replace(): The /e modifier is deprecated, use preg_replace_callback instead H:\wamp\www\thinkphp\ThinkPHP\Lib\Core\Db.class.php 第 605 行.
SQL: SELECT `path` FROM `sweet_image` WHERE ( user_name='l' ) ORDER BY sub_time desc LIMIT 4   [ RunTime:0.000397s ]

[ 2015-08-31T13:53:45+08:00 ] 0.0.0.0 /thinkphp/index.php/Dating/searchImage.html?user_name=jack
INFO: [ app_begin ] --START--
INFO: ReadHtmlCache Behavior ::run [ RunTime:0.000871s ]
INFO: [ app_begin ] --END-- [ RunTime:0.001027s ]
NOTIC: [8192] mysql_connect(): The mysql extension is deprecated and will be removed in the future: use mysqli or PDO instead H:\wamp\www\thinkphp\ThinkPHP\Lib\Driver\Db\DbMysql.class.php 第 55 行.
SQL: SHOW COLUMNS FROM `sweet_image` [ RunTime:0.004241s ]
NOTIC: [8192] preg_replace(): The /e modifier is deprecated, use preg_replace_callback instead H:\wamp\www\thinkphp\ThinkPHP\Lib\Core\Db.class.php 第 605 行.
SQL: SELECT `path` FROM `sweet_image` WHERE ( user_name='jack' ) ORDER BY sub_time desc LIMIT 4   [ RunTime:0.000447s ]

[ 2015-08-31T13:56:11+08:00 ] 0.0.0.0 /thinkphp/index.php/Dating/searchImage.html?user_name=jack
INFO: [ app_begin ] --START--
INFO: ReadHtmlCache Behavior ::run [ RunTime:0.000745s ]
INFO: [ app_begin ] --END-- [ RunTime:0.000915s ]
NOTIC: [8192] mysql_connect(): The mysql extension is deprecated and will be removed in the future: use mysqli or PDO instead H:\wamp\www\thinkphp\ThinkPHP\Lib\Driver\Db\DbMysql.class.php 第 55 行.
SQL: SHOW COLUMNS FROM `sweet_image` [ RunTime:0.003869s ]
NOTIC: [8192] preg_replace(): The /e modifier is deprecated, use preg_replace_callback instead H:\wamp\www\thinkphp\ThinkPHP\Lib\Core\Db.class.php 第 605 行.
SQL: SELECT `path` FROM `sweet_image` WHERE ( user_name='jack' ) ORDER BY sub_time desc LIMIT 4   [ RunTime:0.000376s ]

[ 2015-08-31T14:23:04+08:00 ] 0.0.0.0 /thinkphp/index.php/Dating/searchImage.html?user_name=jack
INFO: [ app_begin ] --START--
INFO: ReadHtmlCache Behavior ::run [ RunTime:0.001090s ]
INFO: [ app_begin ] --END-- [ RunTime:0.001260s ]
NOTIC: [8192] mysql_connect(): The mysql extension is deprecated and will be removed in the future: use mysqli or PDO instead H:\wamp\www\thinkphp\ThinkPHP\Lib\Driver\Db\DbMysql.class.php 第 55 行.
SQL: SHOW COLUMNS FROM `sweet_image` [ RunTime:0.015558s ]
NOTIC: [8192] preg_replace(): The /e modifier is deprecated, use preg_replace_callback instead H:\wamp\www\thinkphp\ThinkPHP\Lib\Core\Db.class.php 第 605 行.
SQL: SELECT * FROM `sweet_image` WHERE ( user_name='jack' ) ORDER BY sub_time desc LIMIT 4   [ RunTime:0.000494s ]

[ 2015-08-31T14:23:06+08:00 ] 0.0.0.0 /thinkphp/index.php/Dating/searchImage.html?user_name=jack
INFO: [ app_begin ] --START--
INFO: ReadHtmlCache Behavior ::run [ RunTime:0.001066s ]
INFO: [ app_begin ] --END-- [ RunTime:0.001233s ]
NOTIC: [8192] mysql_connect(): The mysql extension is deprecated and will be removed in the future: use mysqli or PDO instead H:\wamp\www\thinkphp\ThinkPHP\Lib\Driver\Db\DbMysql.class.php 第 55 行.
SQL: SHOW COLUMNS FROM `sweet_image` [ RunTime:0.003608s ]
NOTIC: [8192] preg_replace(): The /e modifier is deprecated, use preg_replace_callback instead H:\wamp\www\thinkphp\ThinkPHP\Lib\Core\Db.class.php 第 605 行.
SQL: SELECT * FROM `sweet_image` WHERE ( user_name='jack' ) ORDER BY sub_time desc LIMIT 4   [ RunTime:0.000443s ]

[ 2015-08-31T14:23:06+08:00 ] 0.0.0.0 /thinkphp/index.php/Dating/searchImage.html?user_name=jack
INFO: [ app_begin ] --START--
INFO: ReadHtmlCache Behavior ::run [ RunTime:0.001488s ]
INFO: [ app_begin ] --END-- [ RunTime:0.001751s ]
NOTIC: [8192] mysql_connect(): The mysql extension is deprecated and will be removed in the future: use mysqli or PDO instead H:\wamp\www\thinkphp\ThinkPHP\Lib\Driver\Db\DbMysql.class.php 第 55 行.
SQL: SHOW COLUMNS FROM `sweet_image` [ RunTime:0.003490s ]
NOTIC: [8192] preg_replace(): The /e modifier is deprecated, use preg_replace_callback instead H:\wamp\www\thinkphp\ThinkPHP\Lib\Core\Db.class.php 第 605 行.
SQL: SELECT * FROM `sweet_image` WHERE ( user_name='jack' ) ORDER BY sub_time desc LIMIT 4   [ RunTime:0.000417s ]

[ 2015-08-31T14:23:06+08:00 ] 0.0.0.0 /thinkphp/index.php/Dating/searchImage.html?user_name=jack
INFO: [ app_begin ] --START--
INFO: ReadHtmlCache Behavior ::run [ RunTime:0.001112s ]
INFO: [ app_begin ] --END-- [ RunTime:0.001292s ]
NOTIC: [8192] mysql_connect(): The mysql extension is deprecated and will be removed in the future: use mysqli or PDO instead H:\wamp\www\thinkphp\ThinkPHP\Lib\Driver\Db\DbMysql.class.php 第 55 行.
SQL: SHOW COLUMNS FROM `sweet_image` [ RunTime:0.003674s ]
NOTIC: [8192] preg_replace(): The /e modifier is deprecated, use preg_replace_callback instead H:\wamp\www\thinkphp\ThinkPHP\Lib\Core\Db.class.php 第 605 行.
SQL: SELECT * FROM `sweet_image` WHERE ( user_name='jack' ) ORDER BY sub_time desc LIMIT 4   [ RunTime:0.000451s ]

[ 2015-08-31T14:23:06+08:00 ] 0.0.0.0 /thinkphp/index.php/Dating/searchImage.html?user_name=jack
INFO: [ app_begin ] --START--
INFO: ReadHtmlCache Behavior ::run [ RunTime:0.001072s ]
INFO: [ app_begin ] --END-- [ RunTime:0.001248s ]
NOTIC: [8192] mysql_connect(): The mysql extension is deprecated and will be removed in the future: use mysqli or PDO instead H:\wamp\www\thinkphp\ThinkPHP\Lib\Driver\Db\DbMysql.class.php 第 55 行.
SQL: SHOW COLUMNS FROM `sweet_image` [ RunTime:0.003995s ]
NOTIC: [8192] preg_replace(): The /e modifier is deprecated, use preg_replace_callback instead H:\wamp\www\thinkphp\ThinkPHP\Lib\Core\Db.class.php 第 605 行.
SQL: SELECT * FROM `sweet_image` WHERE ( user_name='jack' ) ORDER BY sub_time desc LIMIT 4   [ RunTime:0.000456s ]

[ 2015-08-31T14:23:07+08:00 ] 0.0.0.0 /thinkphp/index.php/Dating/searchImage.html?user_name=jack
INFO: [ app_begin ] --START--
INFO: ReadHtmlCache Behavior ::run [ RunTime:0.001127s ]
INFO: [ app_begin ] --END-- [ RunTime:0.001304s ]
NOTIC: [8192] mysql_connect(): The mysql extension is deprecated and will be removed in the future: use mysqli or PDO instead H:\wamp\www\thinkphp\ThinkPHP\Lib\Driver\Db\DbMysql.class.php 第 55 行.
SQL: SHOW COLUMNS FROM `sweet_image` [ RunTime:0.007468s ]
NOTIC: [8192] preg_replace(): The /e modifier is deprecated, use preg_replace_callback instead H:\wamp\www\thinkphp\ThinkPHP\Lib\Core\Db.class.php 第 605 行.
SQL: SELECT * FROM `sweet_image` WHERE ( user_name='jack' ) ORDER BY sub_time desc LIMIT 4   [ RunTime:0.000423s ]

[ 2015-08-31T14:23:07+08:00 ] 0.0.0.0 /thinkphp/index.php/Dating/searchImage.html?user_name=jack
INFO: [ app_begin ] --START--
INFO: ReadHtmlCache Behavior ::run [ RunTime:0.001429s ]
INFO: [ app_begin ] --END-- [ RunTime:0.001725s ]
NOTIC: [8192] mysql_connect(): The mysql extension is deprecated and will be removed in the future: use mysqli or PDO instead H:\wamp\www\thinkphp\ThinkPHP\Lib\Driver\Db\DbMysql.class.php 第 55 行.
SQL: SHOW COLUMNS FROM `sweet_image` [ RunTime:0.003534s ]
NOTIC: [8192] preg_replace(): The /e modifier is deprecated, use preg_replace_callback instead H:\wamp\www\thinkphp\ThinkPHP\Lib\Core\Db.class.php 第 605 行.
SQL: SELECT * FROM `sweet_image` WHERE ( user_name='jack' ) ORDER BY sub_time desc LIMIT 4   [ RunTime:0.000438s ]

[ 2015-08-31T14:23:07+08:00 ] 0.0.0.0 /thinkphp/index.php/Dating/searchImage.html?user_name=jack
INFO: [ app_begin ] --START--
INFO: ReadHtmlCache Behavior ::run [ RunTime:0.001131s ]
INFO: [ app_begin ] --END-- [ RunTime:0.001303s ]
NOTIC: [8192] mysql_connect(): The mysql extension is deprecated and will be removed in the future: use mysqli or PDO instead H:\wamp\www\thinkphp\ThinkPHP\Lib\Driver\Db\DbMysql.class.php 第 55 行.
SQL: SHOW COLUMNS FROM `sweet_image` [ RunTime:0.004348s ]
NOTIC: [8192] preg_replace(): The /e modifier is deprecated, use preg_replace_callback instead H:\wamp\www\thinkphp\ThinkPHP\Lib\Core\Db.class.php 第 605 行.
SQL: SELECT * FROM `sweet_image` WHERE ( user_name='jack' ) ORDER BY sub_time desc LIMIT 4   [ RunTime:0.000619s ]

[ 2015-08-31T14:56:16+08:00 ] 0.0.0.0 /thinkphp/index.php/Dating/searchImage.html?user_name=jack
INFO: [ app_begin ] --START--
INFO: ReadHtmlCache Behavior ::run [ RunTime:0.000729s ]
INFO: [ app_begin ] --END-- [ RunTime:0.000879s ]
NOTIC: [8192] mysql_connect(): The mysql extension is deprecated and will be removed in the future: use mysqli or PDO instead H:\wamp\www\thinkphp\ThinkPHP\Lib\Driver\Db\DbMysql.class.php 第 55 行.
SQL: SHOW COLUMNS FROM `sweet_image` [ RunTime:0.003805s ]
NOTIC: [8192] preg_replace(): The /e modifier is deprecated, use preg_replace_callback instead H:\wamp\www\thinkphp\ThinkPHP\Lib\Core\Db.class.php 第 605 行.
SQL: SELECT * FROM `sweet_image` WHERE ( user_name='jack' ) ORDER BY sub_time desc LIMIT 4   [ RunTime:0.000453s ]

[ 2015-08-31T14:58:52+08:00 ] 0.0.0.0 /thinkphp/index.php/Dating/signIn?user_name=&sign_count=201
INFO: [ app_begin ] --START--
INFO: ReadHtmlCache Behavior ::run [ RunTime:0.001023s ]
INFO: [ app_begin ] --END-- [ RunTime:0.001322s ]
NOTIC: [8192] mysql_connect(): The mysql extension is deprecated and will be removed in the future: use mysqli or PDO instead H:\wamp\www\thinkphp\ThinkPHP\Lib\Driver\Db\DbMysql.class.php 第 55 行.
SQL: SHOW COLUMNS FROM `sweet_sign` [ RunTime:0.003634s ]
SQL: UPDATE `sweet_sign` SET `sign_date`='2015-08-31',`sign_count`=201 WHERE ( user_name='' ) [ RunTime:0.000464s ]

[ 2015-08-31T14:58:52+08:00 ] 0.0.0.0 /thinkphp/index.php/Dating/signIn?user_name=&sign_count=202
INFO: [ app_begin ] --START--
INFO: ReadHtmlCache Behavior ::run [ RunTime:0.000977s ]
INFO: [ app_begin ] --END-- [ RunTime:0.001137s ]
NOTIC: [8192] mysql_connect(): The mysql extension is deprecated and will be removed in the future: use mysqli or PDO instead H:\wamp\www\thinkphp\ThinkPHP\Lib\Driver\Db\DbMysql.class.php 第 55 行.
SQL: SHOW COLUMNS FROM `sweet_sign` [ RunTime:0.003556s ]
SQL: UPDATE `sweet_sign` SET `sign_date`='2015-08-31',`sign_count`=202 WHERE ( user_name='' ) [ RunTime:0.000309s ]

[ 2015-08-31T14:58:53+08:00 ] 0.0.0.0 /thinkphp/index.php/Dating/signIn?user_name=&sign_count=203
INFO: [ app_begin ] --START--
INFO: ReadHtmlCache Behavior ::run [ RunTime:0.000806s ]
INFO: [ app_begin ] --END-- [ RunTime:0.000962s ]
NOTIC: [8192] mysql_connect(): The mysql extension is deprecated and will be removed in the future: use mysqli or PDO instead H:\wamp\www\thinkphp\ThinkPHP\Lib\Driver\Db\DbMysql.class.php 第 55 行.
SQL: SHOW COLUMNS FROM `sweet_sign` [ RunTime:0.003808s ]
SQL: UPDATE `sweet_sign` SET `sign_date`='2015-08-31',`sign_count`=203 WHERE ( user_name='' ) [ RunTime:0.000273s ]

[ 2015-08-31T14:58:54+08:00 ] 0.0.0.0 /thinkphp/index.php/Dating/signIn?user_name=&sign_count=204
INFO: [ app_begin ] --START--
INFO: ReadHtmlCache Behavior ::run [ RunTime:0.000873s ]
INFO: [ app_begin ] --END-- [ RunTime:0.001035s ]
NOTIC: [8192] mysql_connect(): The mysql extension is deprecated and will be removed in the future: use mysqli or PDO instead H:\wamp\www\thinkphp\ThinkPHP\Lib\Driver\Db\DbMysql.class.php 第 55 行.
SQL: SHOW COLUMNS FROM `sweet_sign` [ RunTime:0.003713s ]
SQL: UPDATE `sweet_sign` SET `sign_date`='2015-08-31',`sign_count`=204 WHERE ( user_name='' ) [ RunTime:0.000347s ]

[ 2015-08-31T14:58:54+08:00 ] 0.0.0.0 /thinkphp/index.php/Dating/signIn?user_name=&sign_count=205
INFO: [ app_begin ] --START--
INFO: ReadHtmlCache Behavior ::run [ RunTime:0.000834s ]
INFO: [ app_begin ] --END-- [ RunTime:0.000997s ]
NOTIC: [8192] mysql_connect(): The mysql extension is deprecated and will be removed in the future: use mysqli or PDO instead H:\wamp\www\thinkphp\ThinkPHP\Lib\Driver\Db\DbMysql.class.php 第 55 行.
SQL: SHOW COLUMNS FROM `sweet_sign` [ RunTime:0.004392s ]
SQL: UPDATE `sweet_sign` SET `sign_date`='2015-08-31',`sign_count`=205 WHERE ( user_name='' ) [ RunTime:0.000383s ]

[ 2015-08-31T14:58:54+08:00 ] 0.0.0.0 /thinkphp/index.php/Dating/signIn?user_name=&sign_count=206
INFO: [ app_begin ] --START--
INFO: ReadHtmlCache Behavior ::run [ RunTime:0.000844s ]
INFO: [ app_begin ] --END-- [ RunTime:0.001005s ]
NOTIC: [8192] mysql_connect(): The mysql extension is deprecated and will be removed in the future: use mysqli or PDO instead H:\wamp\www\thinkphp\ThinkPHP\Lib\Driver\Db\DbMysql.class.php 第 55 行.
SQL: SHOW COLUMNS FROM `sweet_sign` [ RunTime:0.003646s ]
SQL: UPDATE `sweet_sign` SET `sign_date`='2015-08-31',`sign_count`=206 WHERE ( user_name='' ) [ RunTime:0.000322s ]

[ 2015-08-31T14:58:55+08:00 ] 0.0.0.0 /thinkphp/index.php/Dating/signIn?user_name=&sign_count=207
INFO: [ app_begin ] --START--
INFO: ReadHtmlCache Behavior ::run [ RunTime:0.000783s ]
INFO: [ app_begin ] --END-- [ RunTime:0.000937s ]
NOTIC: [8192] mysql_connect(): The mysql extension is deprecated and will be removed in the future: use mysqli or PDO instead H:\wamp\www\thinkphp\ThinkPHP\Lib\Driver\Db\DbMysql.class.php 第 55 行.
SQL: SHOW COLUMNS FROM `sweet_sign` [ RunTime:0.005716s ]
SQL: UPDATE `sweet_sign` SET `sign_date`='2015-08-31',`sign_count`=207 WHERE ( user_name='' ) [ RunTime:0.000319s ]

[ 2015-08-31T14:58:55+08:00 ] 0.0.0.0 /thinkphp/index.php/Dating/signIn?user_name=&sign_count=208
INFO: [ app_begin ] --START--
INFO: ReadHtmlCache Behavior ::run [ RunTime:0.000843s ]
INFO: [ app_begin ] --END-- [ RunTime:0.000999s ]
NOTIC: [8192] mysql_connect(): The mysql extension is deprecated and will be removed in the future: use mysqli or PDO instead H:\wamp\www\thinkphp\ThinkPHP\Lib\Driver\Db\DbMysql.class.php 第 55 行.
SQL: SHOW COLUMNS FROM `sweet_sign` [ RunTime:0.004217s ]
SQL: UPDATE `sweet_sign` SET `sign_date`='2015-08-31',`sign_count`=208 WHERE ( user_name='' ) [ RunTime:0.000324s ]

[ 2015-08-31T14:58:55+08:00 ] 0.0.0.0 /thinkphp/index.php/Dating/signIn?user_name=&sign_count=209
INFO: [ app_begin ] --START--
INFO: ReadHtmlCache Behavior ::run [ RunTime:0.001309s ]
INFO: [ app_begin ] --END-- [ RunTime:0.001626s ]
NOTIC: [8192] mysql_connect(): The mysql extension is deprecated and will be removed in the future: use mysqli or PDO instead H:\wamp\www\thinkphp\ThinkPHP\Lib\Driver\Db\DbMysql.class.php 第 55 行.
SQL: SHOW COLUMNS FROM `sweet_sign` [ RunTime:0.003678s ]
SQL: UPDATE `sweet_sign` SET `sign_date`='2015-08-31',`sign_count`=209 WHERE ( user_name='' ) [ RunTime:0.000335s ]

[ 2015-08-31T14:58:55+08:00 ] 0.0.0.0 /thinkphp/index.php/Dating/signIn?user_name=&sign_count=210
INFO: [ app_begin ] --START--
INFO: ReadHtmlCache Behavior ::run [ RunTime:0.000844s ]
INFO: [ app_begin ] --END-- [ RunTime:0.001001s ]
NOTIC: [8192] mysql_connect(): The mysql extension is deprecated and will be removed in the future: use mysqli or PDO instead H:\wamp\www\thinkphp\ThinkPHP\Lib\Driver\Db\DbMysql.class.php 第 55 行.
SQL: SHOW COLUMNS FROM `sweet_sign` [ RunTime:0.003868s ]
SQL: UPDATE `sweet_sign` SET `sign_date`='2015-08-31',`sign_count`=210 WHERE ( user_name='' ) [ RunTime:0.000309s ]

[ 2015-08-31T14:58:57+08:00 ] 0.0.0.0 /thinkphp/index.php/Dating/signIn?user_name=&sign_count=211
INFO: [ app_begin ] --START--
INFO: ReadHtmlCache Behavior ::run [ RunTime:0.000836s ]
INFO: [ app_begin ] --END-- [ RunTime:0.000991s ]
NOTIC: [8192] mysql_connect(): The mysql extension is deprecated and will be removed in the future: use mysqli or PDO instead H:\wamp\www\thinkphp\ThinkPHP\Lib\Driver\Db\DbMysql.class.php 第 55 行.
SQL: SHOW COLUMNS FROM `sweet_sign` [ RunTime:0.003439s ]
SQL: UPDATE `sweet_sign` SET `sign_date`='2015-08-31',`sign_count`=211 WHERE ( user_name='' ) [ RunTime:0.000304s ]

